<?xml version="1.0" encoding="UTF-8"?>
<testsuite xmlns:xsi="http://www.w3.org/2001/XMLSchema-instance" xsi:noNamespaceSchemaLocation="https://maven.apache.org/surefire/maven-surefire-plugin/xsd/surefire-test-report-3.0.xsd" version="3.0" name="org.sakaiproject.modi.EnvironmentTest" time="0.697" tests="15" errors="0" skipped="0" failures="2">
  <properties>
    <property name="awt.toolkit" value="sun.awt.X11.XToolkit"/>
    <property name="java.specification.version" value="11"/>
    <property name="sun.cpu.isalist" value=""/>
    <property name="sun.jnu.encoding" value="UTF-8"/>
    <property name="java.class.path" value="/home/alumno/sakai/kernel/component-manager/target/test-classes:/home/alumno/sakai/kernel/component-manager/target/classes:/root/.m2/repository/javax/servlet/javax.servlet-api/4.0.1/javax.servlet-api-4.0.1.jar:/root/.m2/repository/org/springframework/spring-core/5.3.34/spring-core-5.3.34.jar:/root/.m2/repository/org/springframework/spring-jcl/5.3.34/spring-jcl-5.3.34.jar:/root/.m2/repository/org/springframework/spring-beans/5.3.34/spring-beans-5.3.34.jar:/root/.m2/repository/org/springframework/spring-context/5.3.34/spring-context-5.3.34.jar:/root/.m2/repository/org/springframework/spring-aop/5.3.34/spring-aop-5.3.34.jar:/root/.m2/repository/org/springframework/spring-expression/5.3.34/spring-expression-5.3.34.jar:/root/.m2/repository/org/springframework/spring-web/5.3.34/spring-web-5.3.34.jar:/root/.m2/repository/org/apache/commons/commons-lang3/3.14.0/commons-lang3-3.14.0.jar:/root/.m2/repository/org/apache/tomcat/tomcat-catalina/9.0.89/tomcat-catalina-9.0.89.jar:/root/.m2/repository/org/apache/tomcat/tomcat-servlet-api/9.0.89/tomcat-servlet-api-9.0.89.jar:/root/.m2/repository/org/apache/tomcat/tomcat-jsp-api/9.0.89/tomcat-jsp-api-9.0.89.jar:/root/.m2/repository/org/apache/tomcat/tomcat-el-api/9.0.89/tomcat-el-api-9.0.89.jar:/root/.m2/repository/org/apache/tomcat/tomcat-juli/9.0.89/tomcat-juli-9.0.89.jar:/root/.m2/repository/org/apache/tomcat/tomcat-annotations-api/9.0.89/tomcat-annotations-api-9.0.89.jar:/root/.m2/repository/org/apache/tomcat/tomcat-api/9.0.89/tomcat-api-9.0.89.jar:/root/.m2/repository/org/apache/tomcat/tomcat-jni/9.0.89/tomcat-jni-9.0.89.jar:/root/.m2/repository/org/apache/tomcat/tomcat-coyote/9.0.89/tomcat-coyote-9.0.89.jar:/root/.m2/repository/org/apache/tomcat/tomcat-util/9.0.89/tomcat-util-9.0.89.jar:/root/.m2/repository/org/apache/tomcat/tomcat-util-scan/9.0.89/tomcat-util-scan-9.0.89.jar:/root/.m2/repository/org/apache/tomcat/tomcat-jaspic-api/9.0.89/tomcat-jaspic-api-9.0.89.jar:/root/.m2/repository/org/mockito/mockito-core/3.11.2/mockito-core-3.11.2.jar:/root/.m2/repository/net/bytebuddy/byte-buddy/1.14.3/byte-buddy-1.14.3.jar:/root/.m2/repository/net/bytebuddy/byte-buddy-agent/1.11.3/byte-buddy-agent-1.11.3.jar:/root/.m2/repository/org/objenesis/objenesis/3.2/objenesis-3.2.jar:/root/.m2/repository/org/assertj/assertj-core/3.23.1/assertj-core-3.23.1.jar:/root/.m2/repository/jakarta/annotation/jakarta.annotation-api/1.3.5/jakarta.annotation-api-1.3.5.jar:/root/.m2/repository/jakarta/activation/jakarta.activation-api/1.2.2/jakarta.activation-api-1.2.2.jar:/root/.m2/repository/org/slf4j/slf4j-api/1.7.36/slf4j-api-1.7.36.jar:/root/.m2/repository/org/apache/logging/log4j/log4j-api/2.23.0/log4j-api-2.23.0.jar:/root/.m2/repository/org/apache/logging/log4j/log4j-slf4j-impl/2.23.0/log4j-slf4j-impl-2.23.0.jar:/root/.m2/repository/org/slf4j/jcl-over-slf4j/1.7.36/jcl-over-slf4j-1.7.36.jar:/root/.m2/repository/org/apache/logging/log4j/log4j-core/2.23.0/log4j-core-2.23.0.jar:/root/.m2/repository/org/projectlombok/lombok/1.18.32/lombok-1.18.32.jar:/root/.m2/repository/junit/junit/4.13.2/junit-4.13.2.jar:/root/.m2/repository/org/hamcrest/hamcrest-core/1.3/hamcrest-core-1.3.jar:"/>
    <property name="java.vm.vendor" value="Ubuntu"/>
    <property name="sun.arch.data.model" value="64"/>
    <property name="java.vendor.url" value="https://ubuntu.com/"/>
    <property name="user.timezone" value=""/>
    <property name="java.vm.specification.version" value="11"/>
    <property name="os.name" value="Linux"/>
    <property name="sun.java.launcher" value="SUN_STANDARD"/>
    <property name="user.country" value="ES"/>
    <property name="sun.boot.library.path" value="/usr/lib/jvm/java-11-openjdk-amd64/lib"/>
    <property name="sun.java.command" value="/home/alumno/sakai/kernel/component-manager/target/surefire/surefirebooter-20240525123903307_9.jar /home/alumno/sakai/kernel/component-manager/target/surefire 2024-05-25T12-38-59_381-jvmRun1 surefire-20240525123903307_7tmp surefire_2-20240525123903307_8tmp"/>
    <property name="jdk.debug" value="release"/>
    <property name="surefire.test.class.path" value="/home/alumno/sakai/kernel/component-manager/target/test-classes:/home/alumno/sakai/kernel/component-manager/target/classes:/root/.m2/repository/javax/servlet/javax.servlet-api/4.0.1/javax.servlet-api-4.0.1.jar:/root/.m2/repository/org/springframework/spring-core/5.3.34/spring-core-5.3.34.jar:/root/.m2/repository/org/springframework/spring-jcl/5.3.34/spring-jcl-5.3.34.jar:/root/.m2/repository/org/springframework/spring-beans/5.3.34/spring-beans-5.3.34.jar:/root/.m2/repository/org/springframework/spring-context/5.3.34/spring-context-5.3.34.jar:/root/.m2/repository/org/springframework/spring-aop/5.3.34/spring-aop-5.3.34.jar:/root/.m2/repository/org/springframework/spring-expression/5.3.34/spring-expression-5.3.34.jar:/root/.m2/repository/org/springframework/spring-web/5.3.34/spring-web-5.3.34.jar:/root/.m2/repository/org/apache/commons/commons-lang3/3.14.0/commons-lang3-3.14.0.jar:/root/.m2/repository/org/apache/tomcat/tomcat-catalina/9.0.89/tomcat-catalina-9.0.89.jar:/root/.m2/repository/org/apache/tomcat/tomcat-servlet-api/9.0.89/tomcat-servlet-api-9.0.89.jar:/root/.m2/repository/org/apache/tomcat/tomcat-jsp-api/9.0.89/tomcat-jsp-api-9.0.89.jar:/root/.m2/repository/org/apache/tomcat/tomcat-el-api/9.0.89/tomcat-el-api-9.0.89.jar:/root/.m2/repository/org/apache/tomcat/tomcat-juli/9.0.89/tomcat-juli-9.0.89.jar:/root/.m2/repository/org/apache/tomcat/tomcat-annotations-api/9.0.89/tomcat-annotations-api-9.0.89.jar:/root/.m2/repository/org/apache/tomcat/tomcat-api/9.0.89/tomcat-api-9.0.89.jar:/root/.m2/repository/org/apache/tomcat/tomcat-jni/9.0.89/tomcat-jni-9.0.89.jar:/root/.m2/repository/org/apache/tomcat/tomcat-coyote/9.0.89/tomcat-coyote-9.0.89.jar:/root/.m2/repository/org/apache/tomcat/tomcat-util/9.0.89/tomcat-util-9.0.89.jar:/root/.m2/repository/org/apache/tomcat/tomcat-util-scan/9.0.89/tomcat-util-scan-9.0.89.jar:/root/.m2/repository/org/apache/tomcat/tomcat-jaspic-api/9.0.89/tomcat-jaspic-api-9.0.89.jar:/root/.m2/repository/org/mockito/mockito-core/3.11.2/mockito-core-3.11.2.jar:/root/.m2/repository/net/bytebuddy/byte-buddy/1.14.3/byte-buddy-1.14.3.jar:/root/.m2/repository/net/bytebuddy/byte-buddy-agent/1.11.3/byte-buddy-agent-1.11.3.jar:/root/.m2/repository/org/objenesis/objenesis/3.2/objenesis-3.2.jar:/root/.m2/repository/org/assertj/assertj-core/3.23.1/assertj-core-3.23.1.jar:/root/.m2/repository/jakarta/annotation/jakarta.annotation-api/1.3.5/jakarta.annotation-api-1.3.5.jar:/root/.m2/repository/jakarta/activation/jakarta.activation-api/1.2.2/jakarta.activation-api-1.2.2.jar:/root/.m2/repository/org/slf4j/slf4j-api/1.7.36/slf4j-api-1.7.36.jar:/root/.m2/repository/org/apache/logging/log4j/log4j-api/2.23.0/log4j-api-2.23.0.jar:/root/.m2/repository/org/apache/logging/log4j/log4j-slf4j-impl/2.23.0/log4j-slf4j-impl-2.23.0.jar:/root/.m2/repository/org/slf4j/jcl-over-slf4j/1.7.36/jcl-over-slf4j-1.7.36.jar:/root/.m2/repository/org/apache/logging/log4j/log4j-core/2.23.0/log4j-core-2.23.0.jar:/root/.m2/repository/org/projectlombok/lombok/1.18.32/lombok-1.18.32.jar:/root/.m2/repository/junit/junit/4.13.2/junit-4.13.2.jar:/root/.m2/repository/org/hamcrest/hamcrest-core/1.3/hamcrest-core-1.3.jar:"/>
    <property name="sun.cpu.endian" value="little"/>
    <property name="user.home" value="/root"/>
    <property name="user.language" value="es"/>
    <property name="java.specification.vendor" value="Oracle Corporation"/>
    <property name="java.version.date" value="2024-01-16"/>
    <property name="java.home" value="/usr/lib/jvm/java-11-openjdk-amd64"/>
    <property name="file.separator" value="/"/>
    <property name="basedir" value="/home/alumno/sakai/kernel/component-manager"/>
    <property name="java.vm.compressedOopsMode" value="Zero based"/>
    <property name="line.separator" value="&#10;"/>
    <property name="java.specification.name" value="Java Platform API Specification"/>
    <property name="java.vm.specification.vendor" value="Oracle Corporation"/>
    <property name="java.awt.graphicsenv" value="sun.awt.X11GraphicsEnvironment"/>
    <property name="java.awt.headless" value="true"/>
    <property name="lombok.disable" value="true"/>
    <property name="surefire.real.class.path" value="/home/alumno/sakai/kernel/component-manager/target/surefire/surefirebooter-20240525123903307_9.jar"/>
    <property name="sun.management.compiler" value="HotSpot 64-Bit Tiered Compilers"/>
    <property name="java.runtime.version" value="11.0.22+7-post-Ubuntu-0ubuntu222.04.1"/>
    <property name="user.name" value="root"/>
    <property name="path.separator" value=":"/>
    <property name="java.security.egd" value="file:/dev/./urandom"/>
    <property name="os.version" value="6.2.16-5-pve"/>
    <property name="test.sakai.home" value=""/>
    <property name="java.runtime.name" value="OpenJDK Runtime Environment"/>
    <property name="file.encoding" value="UTF-8"/>
    <property name="java.vm.name" value="OpenJDK 64-Bit Server VM"/>
    <property name="localRepository" value="/root/.m2/repository"/>
    <property name="java.vendor.url.bug" value="https://bugs.launchpad.net/ubuntu/+source/openjdk-lts"/>
    <property name="java.io.tmpdir" value="/tmp"/>
    <property name="java.version" value="11.0.22"/>
    <property name="user.dir" value="/home/alumno/sakai/kernel/component-manager"/>
    <property name="os.arch" value="amd64"/>
    <property name="java.vm.specification.name" value="Java Virtual Machine Specification"/>
    <property name="java.awt.printerjob" value="sun.print.PSPrinterJob"/>
    <property name="maven.tomcat.home" value=""/>
    <property name="sun.os.patch.level" value="unknown"/>
    <property name="java.library.path" value="/usr/java/packages/lib:/usr/lib/x86_64-linux-gnu/jni:/lib/x86_64-linux-gnu:/usr/lib/x86_64-linux-gnu:/usr/lib/jni:/lib:/usr/lib"/>
    <property name="java.vm.info" value="mixed mode, sharing"/>
    <property name="java.vendor" value="Ubuntu"/>
    <property name="java.vm.version" value="11.0.22+7-post-Ubuntu-0ubuntu222.04.1"/>
    <property name="java.specification.maintenance.version" value="2"/>
    <property name="sun.io.unicode.encoding" value="UnicodeLittle"/>
    <property name="java.class.version" value="55.0"/>
  </properties>
  <testcase name="givenComponentsRoot_whenInitialized_thenComponentsAreThere" classname="org.sakaiproject.modi.EnvironmentTest" time="0.592"/>
  <testcase name="givenMissingCatalinaBase_whenInitialized_thenInitializationFails" classname="org.sakaiproject.modi.EnvironmentTest" time="0.007"/>
  <testcase name="givenNoSecurityDirectory_whenInitialized_thenNoSecurityDirectoryIsSet" classname="org.sakaiproject.modi.EnvironmentTest" time="0.001"/>
  <testcase name="givenCatalinaBaseIsSet_whenInitialized_thenCatalinaBaseIsUnchanged" classname="org.sakaiproject.modi.EnvironmentTest" time="0.001"/>
  <testcase name="givenAnUnreadableSecurityDirectory_whenInitialized_thenInitializationFails" classname="org.sakaiproject.modi.EnvironmentTest" time="0.001"/>
  <testcase name="givenDefaultStartup_whenInitialized_thenOverridesAreInSakaiHome" classname="org.sakaiproject.modi.EnvironmentTest" time="0.001"/>
  <testcase name="givenUnwritableSakaiHome_whenInitialized_thenInitializationFails" classname="org.sakaiproject.modi.EnvironmentTest" time="0.009">
    <failure message="&#10;Expecting code to raise a throwable." type="java.lang.AssertionError"><![CDATA[java.lang.AssertionError: 

Expecting code to raise a throwable.
	at org.sakaiproject.modi.EnvironmentTest.givenUnwritableSakaiHome_whenInitialized_thenInitializationFails(EnvironmentTest.java:134)
	at java.base/jdk.internal.reflect.NativeMethodAccessorImpl.invoke0(Native Method)
	at java.base/jdk.internal.reflect.NativeMethodAccessorImpl.invoke(NativeMethodAccessorImpl.java:62)
	at java.base/jdk.internal.reflect.DelegatingMethodAccessorImpl.invoke(DelegatingMethodAccessorImpl.java:43)
	at java.base/java.lang.reflect.Method.invoke(Method.java:566)
	at org.junit.runners.model.FrameworkMethod$1.runReflectiveCall(FrameworkMethod.java:59)
	at org.junit.internal.runners.model.ReflectiveCallable.run(ReflectiveCallable.java:12)
	at org.junit.runners.model.FrameworkMethod.invokeExplosively(FrameworkMethod.java:56)
	at org.junit.internal.runners.statements.InvokeMethod.evaluate(InvokeMethod.java:17)
	at org.junit.internal.runners.statements.RunBefores.evaluate(RunBefores.java:26)
	at org.junit.rules.ExternalResource$1.evaluate(ExternalResource.java:54)
	at org.junit.runners.ParentRunner$3.evaluate(ParentRunner.java:306)
	at org.junit.runners.BlockJUnit4ClassRunner$1.evaluate(BlockJUnit4ClassRunner.java:100)
	at org.junit.runners.ParentRunner.runLeaf(ParentRunner.java:366)
	at org.junit.runners.BlockJUnit4ClassRunner.runChild(BlockJUnit4ClassRunner.java:103)
	at org.junit.runners.BlockJUnit4ClassRunner.runChild(BlockJUnit4ClassRunner.java:63)
	at org.junit.runners.ParentRunner$4.run(ParentRunner.java:331)
	at org.junit.runners.ParentRunner$1.schedule(ParentRunner.java:79)
	at org.junit.runners.ParentRunner.runChildren(ParentRunner.java:329)
	at org.junit.runners.ParentRunner.access$100(ParentRunner.java:66)
	at org.junit.runners.ParentRunner$2.evaluate(ParentRunner.java:293)
	at org.junit.runners.ParentRunner$3.evaluate(ParentRunner.java:306)
	at org.junit.runners.ParentRunner.run(ParentRunner.java:413)
	at org.apache.maven.surefire.junit4.JUnit4Provider.execute(JUnit4Provider.java:316)
	at org.apache.maven.surefire.junit4.JUnit4Provider.executeWithRerun(JUnit4Provider.java:240)
	at org.apache.maven.surefire.junit4.JUnit4Provider.executeTestSet(JUnit4Provider.java:214)
	at org.apache.maven.surefire.junit4.JUnit4Provider.invoke(JUnit4Provider.java:155)
	at org.apache.maven.surefire.booter.ForkedBooter.runSuitesInProcess(ForkedBooter.java:385)
	at org.apache.maven.surefire.booter.ForkedBooter.execute(ForkedBooter.java:162)
	at org.apache.maven.surefire.booter.ForkedBooter.run(ForkedBooter.java:507)
	at org.apache.maven.surefire.booter.ForkedBooter.main(ForkedBooter.java:495)
]]></failure>
  </testcase>
  <testcase name="givenSakaiHomeWithASlash_whenInitialized_thenSakaiHomeIsProperPath" classname="org.sakaiproject.modi.EnvironmentTest" time="0.001"/>
  <testcase name="givenSakaiHomeWithNoSlash_whenInitialized_thenSystemPropertyHasASlash" classname="org.sakaiproject.modi.EnvironmentTest" time="0.004"/>
  <testcase name="givenASecurityDirectory_whenInitialized_thenTheSecurityDirectoryIsSet" classname="org.sakaiproject.modi.EnvironmentTest" time="0.001"/>
  <testcase name="givenNoComponentsRoot_whenInitialized_thenComponentsAreUnderCatalina" classname="org.sakaiproject.modi.EnvironmentTest" time="0.001"/>
  <testcase name="givenDefaultStartup_whenInitialized_thenConfigurationFileIsInSakaiHome" classname="org.sakaiproject.modi.EnvironmentTest" time="0.002"/>
  <testcase name="givenUnwritableParentOfSakaiHome_whenInitialized_thenInitializationFails" classname="org.sakaiproject.modi.EnvironmentTest" time="0.001">
    <failure message="&#10;Expecting code to raise a throwable." type="java.lang.AssertionError"><![CDATA[java.lang.AssertionError: 

Expecting code to raise a throwable.
	at org.sakaiproject.modi.EnvironmentTest.givenUnwritableParentOfSakaiHome_whenInitialized_thenInitializationFails(EnvironmentTest.java:120)
	at java.base/jdk.internal.reflect.NativeMethodAccessorImpl.invoke0(Native Method)
	at java.base/jdk.internal.reflect.NativeMethodAccessorImpl.invoke(NativeMethodAccessorImpl.java:62)
	at java.base/jdk.internal.reflect.DelegatingMethodAccessorImpl.invoke(DelegatingMethodAccessorImpl.java:43)
	at java.base/java.lang.reflect.Method.invoke(Method.java:566)
	at org.junit.runners.model.FrameworkMethod$1.runReflectiveCall(FrameworkMethod.java:59)
	at org.junit.internal.runners.model.ReflectiveCallable.run(ReflectiveCallable.java:12)
	at org.junit.runners.model.FrameworkMethod.invokeExplosively(FrameworkMethod.java:56)
	at org.junit.internal.runners.statements.InvokeMethod.evaluate(InvokeMethod.java:17)
	at org.junit.internal.runners.statements.RunBefores.evaluate(RunBefores.java:26)
	at org.junit.rules.ExternalResource$1.evaluate(ExternalResource.java:54)
	at org.junit.runners.ParentRunner$3.evaluate(ParentRunner.java:306)
	at org.junit.runners.BlockJUnit4ClassRunner$1.evaluate(BlockJUnit4ClassRunner.java:100)
	at org.junit.runners.ParentRunner.runLeaf(ParentRunner.java:366)
	at org.junit.runners.BlockJUnit4ClassRunner.runChild(BlockJUnit4ClassRunner.java:103)
	at org.junit.runners.BlockJUnit4ClassRunner.runChild(BlockJUnit4ClassRunner.java:63)
	at org.junit.runners.ParentRunner$4.run(ParentRunner.java:331)
	at org.junit.runners.ParentRunner$1.schedule(ParentRunner.java:79)
	at org.junit.runners.ParentRunner.runChildren(ParentRunner.java:329)
	at org.junit.runners.ParentRunner.access$100(ParentRunner.java:66)
	at org.junit.runners.ParentRunner$2.evaluate(ParentRunner.java:293)
	at org.junit.runners.ParentRunner$3.evaluate(ParentRunner.java:306)
	at org.junit.runners.ParentRunner.run(ParentRunner.java:413)
	at org.apache.maven.surefire.junit4.JUnit4Provider.execute(JUnit4Provider.java:316)
	at org.apache.maven.surefire.junit4.JUnit4Provider.executeWithRerun(JUnit4Provider.java:240)
	at org.apache.maven.surefire.junit4.JUnit4Provider.executeTestSet(JUnit4Provider.java:214)
	at org.apache.maven.surefire.junit4.JUnit4Provider.invoke(JUnit4Provider.java:155)
	at org.apache.maven.surefire.booter.ForkedBooter.runSuitesInProcess(ForkedBooter.java:385)
	at org.apache.maven.surefire.booter.ForkedBooter.execute(ForkedBooter.java:162)
	at org.apache.maven.surefire.booter.ForkedBooter.run(ForkedBooter.java:507)
	at org.apache.maven.surefire.booter.ForkedBooter.main(ForkedBooter.java:495)
]]></failure>
  </testcase>
  <testcase name="givenMissingComponentsRoot_whenInitialized_thenInitializationFails" classname="org.sakaiproject.modi.EnvironmentTest" time="0.001"/>
  <testcase name="givenCatalinaBaseAndNoSakaiHome_whenInitialized_thenSakaiHomeIsInCatalinaBase" classname="org.sakaiproject.modi.EnvironmentTest" time="0.001"/>
</testsuite>