<?xml version="1.0" encoding="UTF-8"?>
<testsuite xmlns:xsi="http://www.w3.org/2001/XMLSchema-instance" xsi:noNamespaceSchemaLocation="https://maven.apache.org/surefire/maven-surefire-plugin/xsd/surefire-test-report-3.0.xsd" version="3.0" name="org.sakaiproject.modi.ComponentLoadingTest" time="0.958" tests="12" errors="0" skipped="0" failures="0">
  <properties>
[...]
</properties>
  <testcase name="givenAComponentWithAClass_thenTheBeanHasTheLoadedClass" classname="org.sakaiproject.modi.ComponentLoadingTest" time="0.716"/>
  <testcase name="givenAMissingComponentDirectory_thenItIsMalformed" classname="org.sakaiproject.modi.ComponentLoadingTest" time="0.013"/>
  <testcase name="givenAComponentWithDemoBean_whenNotInDemoMode_theBeanIsRegistered" classname="org.sakaiproject.modi.ComponentLoadingTest" time="0.034"/>
  <testcase name="givenNoComponentsXml_thenItIsMalformed" classname="org.sakaiproject.modi.ComponentLoadingTest" time="0.002"/>
  <testcase name="givenNoWebInf_thenItIsMalformed" classname="org.sakaiproject.modi.ComponentLoadingTest" time="0.001"/>
  <testcase name="givenABasicComponent_whenWeConvertABadURL_thenItGivesAnEmpty" classname="org.sakaiproject.modi.ComponentLoadingTest" time="0.003"/>
  <testcase name="givenAComponentWithOneBean_whenRegisteringTheComponent_theBeanIsRegistered" classname="org.sakaiproject.modi.ComponentLoadingTest" time="0.031"/>
  <testcase name="givenAComponentDirectory_thenItsNameMatches" classname="org.sakaiproject.modi.ComponentLoadingTest" time="0.0"/>
  <testcase name="givenAComponentDirectory_thenItsPathIsExposed" classname="org.sakaiproject.modi.ComponentLoadingTest" time="0.008"/>
  <testcase name="givenAComponentWithDemoBean_whenInDemoMode_theBeanIsRegistered" classname="org.sakaiproject.modi.ComponentLoadingTest" time="0.038"/>
  <testcase name="givenAComponentWithAJar_thenTheBeanHasTheClassFromTheJar" classname="org.sakaiproject.modi.ComponentLoadingTest" time="0.024"/>
  <testcase name="givenNoWebInf_whenUsingTheSafeFactory_thenItIsEmpty" classname="org.sakaiproject.modi.ComponentLoadingTest" time="0.002"/>
</testsuite>