<?xml version="1.0" encoding="UTF-8"?>
<testsuite xmlns:xsi="http://www.w3.org/2001/XMLSchema-instance" xsi:noNamespaceSchemaLocation="https://maven.apache.org/surefire/maven-surefire-plugin/xsd/surefire-test-report-3.0.xsd" version="3.0" name="org.sakaiproject.modi.EnvironmentTest" time="0.697" tests="15" errors="0" skipped="0" failures="2">
  <properties>
[...]
</properties>
  <testcase name="givenComponentsRoot_whenInitialized_thenComponentsAreThere" classname="org.sakaiproject.modi.EnvironmentTest" time="0.592"/>
  <testcase name="givenMissingCatalinaBase_whenInitialized_thenInitializationFails" classname="org.sakaiproject.modi.EnvironmentTest" time="0.007"/>
  <testcase name="givenNoSecurityDirectory_whenInitialized_thenNoSecurityDirectoryIsSet" classname="org.sakaiproject.modi.EnvironmentTest" time="0.001"/>
  <testcase name="givenCatalinaBaseIsSet_whenInitialized_thenCatalinaBaseIsUnchanged" classname="org.sakaiproject.modi.EnvironmentTest" time="0.001"/>
  <testcase name="givenAnUnreadableSecurityDirectory_whenInitialized_thenInitializationFails" classname="org.sakaiproject.modi.EnvironmentTest" time="0.001"/>
  <testcase name="givenDefaultStartup_whenInitialized_thenOverridesAreInSakaiHome" classname="org.sakaiproject.modi.EnvironmentTest" time="0.001"/>
  <testcase name="givenUnwritableSakaiHome_whenInitialized_thenInitializationFails" classname="org.sakaiproject.modi.EnvironmentTest" time="0.009">
    <failure message="&#10;Expecting code to raise a throwable." type="java.lang.AssertionError"><![CDATA[java.lang.AssertionError: 

Expecting code to raise a throwable.
	at org.sakaiproject.modi.EnvironmentTest.givenUnwritableSakaiHome_whenInitialized_thenInitializationFails(EnvironmentTest.java:134)
	at java.base/jdk.internal.reflect.NativeMethodAccessorImpl.invoke0(Native Method)
	at java.base/jdk.internal.reflect.NativeMethodAccessorImpl.invoke(NativeMethodAccessorImpl.java:62)
	at java.base/jdk.internal.reflect.DelegatingMethodAccessorImpl.invoke(DelegatingMethodAccessorImpl.java:43)
	at java.base/java.lang.reflect.Method.invoke(Method.java:566)
	at org.junit.runners.model.FrameworkMethod$1.runReflectiveCall(FrameworkMethod.java:59)
	at org.junit.internal.runners.model.ReflectiveCallable.run(ReflectiveCallable.java:12)
	at org.junit.runners.model.FrameworkMethod.invokeExplosively(FrameworkMethod.java:56)
	at org.junit.internal.runners.statements.InvokeMethod.evaluate(InvokeMethod.java:17)
	at org.junit.internal.runners.statements.RunBefores.evaluate(RunBefores.java:26)
	at org.junit.rules.ExternalResource$1.evaluate(ExternalResource.java:54)
	at org.junit.runners.ParentRunner$3.evaluate(ParentRunner.java:306)
	at org.junit.runners.BlockJUnit4ClassRunner$1.evaluate(BlockJUnit4ClassRunner.java:100)
	at org.junit.runners.ParentRunner.runLeaf(ParentRunner.java:366)
	at org.junit.runners.BlockJUnit4ClassRunner.runChild(BlockJUnit4ClassRunner.java:103)
	at org.junit.runners.BlockJUnit4ClassRunner.runChild(BlockJUnit4ClassRunner.java:63)
	at org.junit.runners.ParentRunner$4.run(ParentRunner.java:331)
	at org.junit.runners.ParentRunner$1.schedule(ParentRunner.java:79)
	at org.junit.runners.ParentRunner.runChildren(ParentRunner.java:329)
	at org.junit.runners.ParentRunner.access$100(ParentRunner.java:66)
	at org.junit.runners.ParentRunner$2.evaluate(ParentRunner.java:293)
	at org.junit.runners.ParentRunner$3.evaluate(ParentRunner.java:306)
	at org.junit.runners.ParentRunner.run(ParentRunner.java:413)
	at org.apache.maven.surefire.junit4.JUnit4Provider.execute(JUnit4Provider.java:316)
	at org.apache.maven.surefire.junit4.JUnit4Provider.executeWithRerun(JUnit4Provider.java:240)
	at org.apache.maven.surefire.junit4.JUnit4Provider.executeTestSet(JUnit4Provider.java:214)
	at org.apache.maven.surefire.junit4.JUnit4Provider.invoke(JUnit4Provider.java:155)
	at org.apache.maven.surefire.booter.ForkedBooter.runSuitesInProcess(ForkedBooter.java:385)
	at org.apache.maven.surefire.booter.ForkedBooter.execute(ForkedBooter.java:162)
	at org.apache.maven.surefire.booter.ForkedBooter.run(ForkedBooter.java:507)
	at org.apache.maven.surefire.booter.ForkedBooter.main(ForkedBooter.java:495)
]]></failure>
  </testcase>
  <testcase name="givenSakaiHomeWithASlash_whenInitialized_thenSakaiHomeIsProperPath" classname="org.sakaiproject.modi.EnvironmentTest" time="0.001"/>
  <testcase name="givenSakaiHomeWithNoSlash_whenInitialized_thenSystemPropertyHasASlash" classname="org.sakaiproject.modi.EnvironmentTest" time="0.004"/>
  <testcase name="givenASecurityDirectory_whenInitialized_thenTheSecurityDirectoryIsSet" classname="org.sakaiproject.modi.EnvironmentTest" time="0.001"/>
  <testcase name="givenNoComponentsRoot_whenInitialized_thenComponentsAreUnderCatalina" classname="org.sakaiproject.modi.EnvironmentTest" time="0.001"/>
  <testcase name="givenDefaultStartup_whenInitialized_thenConfigurationFileIsInSakaiHome" classname="org.sakaiproject.modi.EnvironmentTest" time="0.002"/>
  <testcase name="givenUnwritableParentOfSakaiHome_whenInitialized_thenInitializationFails" classname="org.sakaiproject.modi.EnvironmentTest" time="0.001">
    <failure message="&#10;Expecting code to raise a throwable." type="java.lang.AssertionError"><![CDATA[java.lang.AssertionError: 

Expecting code to raise a throwable.
	at org.sakaiproject.modi.EnvironmentTest.givenUnwritableParentOfSakaiHome_whenInitialized_thenInitializationFails(EnvironmentTest.java:120)
	at java.base/jdk.internal.reflect.NativeMethodAccessorImpl.invoke0(Native Method)
	at java.base/jdk.internal.reflect.NativeMethodAccessorImpl.invoke(NativeMethodAccessorImpl.java:62)
	at java.base/jdk.internal.reflect.DelegatingMethodAccessorImpl.invoke(DelegatingMethodAccessorImpl.java:43)
	at java.base/java.lang.reflect.Method.invoke(Method.java:566)
	at org.junit.runners.model.FrameworkMethod$1.runReflectiveCall(FrameworkMethod.java:59)
	at org.junit.internal.runners.model.ReflectiveCallable.run(ReflectiveCallable.java:12)
	at org.junit.runners.model.FrameworkMethod.invokeExplosively(FrameworkMethod.java:56)
	at org.junit.internal.runners.statements.InvokeMethod.evaluate(InvokeMethod.java:17)
	at org.junit.internal.runners.statements.RunBefores.evaluate(RunBefores.java:26)
	at org.junit.rules.ExternalResource$1.evaluate(ExternalResource.java:54)
	at org.junit.runners.ParentRunner$3.evaluate(ParentRunner.java:306)
	at org.junit.runners.BlockJUnit4ClassRunner$1.evaluate(BlockJUnit4ClassRunner.java:100)
	at org.junit.runners.ParentRunner.runLeaf(ParentRunner.java:366)
	at org.junit.runners.BlockJUnit4ClassRunner.runChild(BlockJUnit4ClassRunner.java:103)
	at org.junit.runners.BlockJUnit4ClassRunner.runChild(BlockJUnit4ClassRunner.java:63)
	at org.junit.runners.ParentRunner$4.run(ParentRunner.java:331)
	at org.junit.runners.ParentRunner$1.schedule(ParentRunner.java:79)
	at org.junit.runners.ParentRunner.runChildren(ParentRunner.java:329)
	at org.junit.runners.ParentRunner.access$100(ParentRunner.java:66)
	at org.junit.runners.ParentRunner$2.evaluate(ParentRunner.java:293)
	at org.junit.runners.ParentRunner$3.evaluate(ParentRunner.java:306)
	at org.junit.runners.ParentRunner.run(ParentRunner.java:413)
	at org.apache.maven.surefire.junit4.JUnit4Provider.execute(JUnit4Provider.java:316)
	at org.apache.maven.surefire.junit4.JUnit4Provider.executeWithRerun(JUnit4Provider.java:240)
	at org.apache.maven.surefire.junit4.JUnit4Provider.executeTestSet(JUnit4Provider.java:214)
	at org.apache.maven.surefire.junit4.JUnit4Provider.invoke(JUnit4Provider.java:155)
	at org.apache.maven.surefire.booter.ForkedBooter.runSuitesInProcess(ForkedBooter.java:385)
	at org.apache.maven.surefire.booter.ForkedBooter.execute(ForkedBooter.java:162)
	at org.apache.maven.surefire.booter.ForkedBooter.run(ForkedBooter.java:507)
	at org.apache.maven.surefire.booter.ForkedBooter.main(ForkedBooter.java:495)
]]></failure>
  </testcase>
  <testcase name="givenMissingComponentsRoot_whenInitialized_thenInitializationFails" classname="org.sakaiproject.modi.EnvironmentTest" time="0.001"/>
  <testcase name="givenCatalinaBaseAndNoSakaiHome_whenInitialized_thenSakaiHomeIsInCatalinaBase" classname="org.sakaiproject.modi.EnvironmentTest" time="0.001"/>
</testsuite>